
24-12-09 03:22:00 [-] [2024-12-09(03:22)]: |Gmarshal connected|n
24-12-09 03:26:43 [-] [2024-12-09(03:26)]: |Gdeputy connected|n
24-12-09 03:27:57 [-] [2024-12-09(03:27)]: |Rdeputy disconnected (quit)|n
24-12-09 03:28:39 [-] [2024-12-09(03:28)]: |Rmarshal disconnected (quit)|n
24-12-09 03:46:00 [-] [2024-12-09(03:46)]: |Gmarshal connected|n
24-12-09 03:46:16 [-] [2024-12-09(03:46)]: |Gdeputy connected|n
24-12-09 03:49:52 [-] [2024-12-09(03:49)]: |Rdeputy disconnected (quit)|n
24-12-09 03:49:58 [-] [2024-12-09(03:49)]: |Rmarshal disconnected (quit)|n
24-12-24 02:46:47 [-] [2024-12-24(02:46)]: |Gmarshal connected|n
24-12-24 02:51:07 [-] [2024-12-24(02:51)]: |Gdeputy connected|n
24-12-24 03:05:27 [-] [2024-12-24(03:05)]: |Rdeputy disconnected (quit)|n
24-12-24 03:05:55 [-] [2024-12-24(03:05)]: |Rmarshal disconnected (quit)|n
24-12-24 03:39:37 [-] [2024-12-24(03:39)]: |Gdeputy connected|n
24-12-24 03:39:49 [-] [2024-12-24(03:39)]: |Gmarshal connected|n
24-12-26 13:29:51-03 [-] [2024-12-26(16:29)]: |Gmarshal connected|n
24-12-26 13:41:56-03 [-] [2024-12-26(16:41)]: |Rmarshal disconnected (quit)|n
24-12-27 18:53:40-03 [-] [2024-12-27(21:53)]: |Gmarshal connected|n
24-12-27 19:04:04-03 [-] [2024-12-27(22:04)]: |Rmarshal disconnected (quit)|n
24-12-27 19:21:58-03 [-] [2024-12-27(22:21)]: |Gmarshal connected|n
24-12-27 20:02:21-03 [-] [2024-12-27(23:02)]: |Rmarshal disconnected (quit)|n
25-01-05 17:36:59-03 [-] [2025-01-05(20:36)]: |Gmarshal connected|n
25-01-05 17:38:04-03 [-] [2025-01-05(20:38)]: |Rmarshal disconnected (quit)|n
25-01-05 17:38:13-03 [-] [2025-01-05(20:38)]: |Gmarshal connected|n
25-01-05 17:38:37-03 [-] [2025-01-05(20:38)]: |Rmarshal disconnected (quit)|n
25-01-05 17:41:49-03 [-] [2025-01-05(20:41)]: |Gmarshal connected|n
25-01-05 17:43:09-03 [-] [2025-01-05(20:43)]: |Rmarshal disconnected (quit)|n
25-01-05 17:46:59-03 [-] [2025-01-05(20:46)]: |Gdeputy connected|n
25-01-05 17:55:08-03 [-] [2025-01-05(20:55)]: |Rdeputy disconnected (quit)|n
25-01-05 17:58:57-03 [-] [2025-01-05(20:58)]: |Gmarshal connected|n
25-01-05 18:30:46-03 [-] [2025-01-05(21:30)]: |Gdeputy connected|n
25-01-05 18:45:53-03 [-] [2025-01-05(21:45)]: |Rdeputy disconnected (quit)|n
25-01-05 18:46:55-03 [-] [2025-01-05(21:46)]: |Gdeputy connected|n
25-01-05 18:50:01-03 [-] [2025-01-05(21:50)]: |Rdeputy disconnected (quit)|n
25-01-06 19:34:50-03 [-] [2025-01-06(22:34)]: |Gmarshal connected|n
25-01-06 19:35:44-03 [-] [2025-01-06(22:35)]: |Gdeputy connected|n
25-01-06 19:36:34-03 [-] [2025-01-06(22:36)]: |Rdeputy disconnected (quit)|n
25-01-06 19:37:28-03 [-] [2025-01-06(22:37)]: |Gdeputy connected|n
25-01-06 19:42:16-03 [-] [2025-01-06(22:42)]: |Rdeputy disconnected (quit)|n
25-01-06 19:42:18-03 [-] [2025-01-06(22:42)]: |Rmarshal disconnected (quit)|n
25-01-06 20:56:54-03 [-] [2025-01-06(23:56)]: |Gmarshal connected|n
25-01-07 16:29:47-03 [-] [2025-01-07(19:29)]: |Gmarshal connected|n
25-01-07 17:33:26-03 [-] [2025-01-07(20:33)]: |Rmarshal disconnected ()|n
25-01-07 17:34:16-03 [-] [2025-01-07(20:34)]: |Gmarshal connected|n
25-01-07 18:42:56-03 [-] [2025-01-07(21:42)]: |Gdeputy connected|n
25-01-07 20:08:22-03 [-] [2025-01-07(23:08)]: |Rmarshal disconnected (quit)|n
25-01-07 20:08:24-03 [-] [2025-01-07(23:08)]: |Rdeputy disconnected (quit)|n
25-01-07 22:19:02-03 [-] [2025-01-08(01:19)]: |Gmarshal connected|n
25-01-07 22:19:54-03 [-] [2025-01-08(01:19)]: |Rmarshal disconnected (quit)|n
25-01-08 13:36:09-03 [-] [2025-01-08(16:36)]: |Gmarshal connected|n
25-01-08 13:52:45-03 [-] [2025-01-08(16:52)]: |Rmarshal disconnected (quit)|n
25-01-08 13:55:46-03 [-] [2025-01-08(16:55)]: |Gmarshal connected|n
25-01-08 14:04:14-03 [-] [2025-01-08(17:04)]: |Rmarshal disconnected (quit)|n
25-01-08 14:04:38-03 [-] [2025-01-08(17:04)]: |Gmarshal connected|n
25-01-08 14:04:50-03 [-] [2025-01-08(17:04)]: |Rmarshal disconnected (quit)|n
25-01-08 15:36:56-03 [-] [2025-01-08(18:36)]: |Gmarshal connected|n
25-01-08 16:38:12-03 [-] [2025-01-08(19:38)]: |Gdeputy connected|n
25-01-08 17:58:16-03 [-] [2025-01-08(20:58)]: |Rdeputy disconnected (quit)|n
25-01-08 17:58:29-03 [-] [2025-01-08(20:58)]: |Rmarshal disconnected (Logged in from elsewhere. Disconnecting.)|n
25-01-08 17:58:29-03 [-] [2025-01-08(20:58)]: |Gmarshal connected|n
25-01-08 18:00:49-03 [-] [2025-01-08(21:00)]: |Rmarshal disconnected (quit)|n
25-01-08 19:02:19-03 [-] [2025-01-08(22:02)]: |Gmarshal connected|n
25-01-08 19:20:28-03 [-] [2025-01-08(22:20)]: |Rmarshal disconnected (quit)|n
25-01-08 19:20:55-03 [-] [2025-01-08(22:20)]: |Gmarshal connected|n
25-01-08 19:31:10-03 [-] [2025-01-08(22:31)]: |Rmarshal disconnected (quit)|n
25-01-08 22:02:29-03 [-] [2025-01-09(01:02)]: |Gmarshal connected|n
25-01-08 22:51:37-03 [-] [2025-01-09(01:51)]: |Rmarshal disconnected (quit)|n
25-01-09 12:28:32-03 [-] [2025-01-09(15:28)]: |Gmarshal connected|n
25-01-09 12:48:52-03 [-] [2025-01-09(15:48)]: |Rmarshal disconnected (quit)|n
25-01-09 12:53:32-03 [-] [2025-01-09(15:53)]: |Gmarshal connected|n
25-01-09 14:20:12-03 [-] [2025-01-09(17:20)]: |Rmarshal disconnected (quit)|n
25-01-09 17:45:37-03 [-] [2025-01-09(20:45)]: |Gmarshal connected|n
25-01-09 17:49:58-03 [-] [2025-01-09(20:49)]: |Rmarshal disconnected (quit)|n